{"C:\\Users\\ictwi\\OneDrive\\Full Stack Developer Training\\project-2\\assets\\js\\buildQuestion.js": {"path":"C:\\Users\\ictwi\\OneDrive\\Full Stack Developer Training\\project-2\\assets\\js\\buildQuestion.js","statementMap":{"0":{"start":{"line":5,"column":12},"end":{"line":5,"column":38}},"1":{"start":{"line":8,"column":4},"end":{"line":8,"column":53}},"2":{"start":{"line":9,"column":4},"end":{"line":9,"column":34}},"3":{"start":{"line":10,"column":4},"end":{"line":10,"column":34}},"4":{"start":{"line":11,"column":4},"end":{"line":11,"column":34}},"5":{"start":{"line":12,"column":4},"end":{"line":12,"column":34}},"6":{"start":{"line":15,"column":2},"end":{"line":15,"column":33}}},"fnMap":{"0":{"name":"buildQuestion","decl":{"start":{"line":3,"column":9},"end":{"line":3,"column":22}},"loc":{"start":{"line":3,"column":25},"end":{"line":13,"column":3}},"line":3}},"branchMap":{},"s":{"0":1,"1":0,"2":0,"3":0,"4":0,"5":0,"6":1},"f":{"0":1},"b":{},"_coverageSchema":"1a1c01bbd47fc00a2c39e90264f33305004495a9","hash":"53d8657d4733a65ec2695e4fb9ca289f9b49bf9e"}
}
