{"C:\\Users\\ictwi\\OneDrive\\Full Stack Developer Training\\project-2\\assets\\js\\questions.js": {"path":"C:\\Users\\ictwi\\OneDrive\\Full Stack Developer Training\\project-2\\assets\\js\\questions.js","statementMap":{"0":{"start":{"line":1,"column":16},"end":{"line":90,"column":1}},"1":{"start":{"line":92,"column":0},"end":{"line":92,"column":31}}},"fnMap":{},"branchMap":{},"s":{"0":1,"1":1},"f":{},"b":{},"_coverageSchema":"1a1c01bbd47fc00a2c39e90264f33305004495a9","hash":"c715394410331bb18c83f4d0adec216f33c7a5df"}
}
